Doing classification
--------------------
data:		digits
classifier:		naiveBayes
using enhanced features?:	True
training set size:	500
using smoothing parameter k=0.001000 for naivebayes
Extracting features...
Training...
Performance on validation set for k=0.001000: (76.2%)
Trainng time: 102.608479977
Validating...
381 correct out of 500 (76.2%).
Testing...
350 correct out of 500 (70.0%).

Doing classification
--------------------
data:		digits
classifier:		naiveBayes
using enhanced features?:	True
training set size:	1000
using smoothing parameter k=0.001000 for naivebayes
Extracting features...
Training...
Performance on validation set for k=0.001000: (82.4%)
Trainng time: 124.905722857
Validating...
412 correct out of 500 (82.4%).
Testing...
370 correct out of 500 (74.0%).

Doing classification
--------------------
data:		digits
classifier:		naiveBayes
using enhanced features?:	True
training set size:	1500
using smoothing parameter k=0.001000 for naivebayes
Extracting features...
Training...
Performance on validation set for k=0.001000: (81.8%)
Trainng time: 146.256335974
Validating...
409 correct out of 500 (81.8%).
Testing...
369 correct out of 500 (73.8%).

Doing classification
--------------------
data:		digits
classifier:		naiveBayes
using enhanced features?:	True
training set size:	2000
using smoothing parameter k=0.001000 for naivebayes
Extracting features...
Training...
Performance on validation set for k=0.001000: (82.8%)
Trainng time: 150.864056826
Validating...
414 correct out of 500 (82.8%).
Testing...
367 correct out of 500 (73.4%).

Doing classification
--------------------
data:		digits
classifier:		naiveBayes
using enhanced features?:	True
training set size:	2500
using smoothing parameter k=0.001000 for naivebayes
Extracting features...
Training...
Performance on validation set for k=0.001000: (83.8%)
Trainng time: 185.765068054
Validating...
419 correct out of 500 (83.8%).
Testing...
382 correct out of 500 (76.4%).

Doing classification
--------------------
data:		digits
classifier:		naiveBayes
using enhanced features?:	True
training set size:	3000
using smoothing parameter k=0.001000 for naivebayes
Extracting features...
Training...
Performance on validation set for k=0.001000: (84.6%)
Trainng time: 198.645334959
Validating...
423 correct out of 500 (84.6%).
Testing...
379 correct out of 500 (75.8%).

Doing classification
--------------------
data:		digits
classifier:		naiveBayes
using enhanced features?:	True
training set size:	3500
using smoothing parameter k=0.001000 for naivebayes
Extracting features...
Training...
Performance on validation set for k=0.001000: (84.0%)
Trainng time: 228.49804306
Validating...
420 correct out of 500 (84.0%).
Testing...
379 correct out of 500 (75.8%).

Doing classification
--------------------
data:		digits
classifier:		naiveBayes
using enhanced features?:	True
training set size:	4000
using smoothing parameter k=0.001000 for naivebayes
Extracting features...
Training...
Performance on validation set for k=0.001000: (84.2%)
Trainng time: 230.184219122
Validating...
421 correct out of 500 (84.2%).
Testing...
385 correct out of 500 (77.0%).

Doing classification
--------------------
data:		digits
classifier:		naiveBayes
using enhanced features?:	True
training set size:	4500
using smoothing parameter k=0.001000 for naivebayes
Extracting features...
Training...
Performance on validation set for k=0.001000: (84.2%)
Trainng time: 215.800612926
Validating...
421 correct out of 500 (84.2%).
Testing...
383 correct out of 500 (76.6%).

Doing classification
--------------------
data:		digits
classifier:		naiveBayes
using enhanced features?:	True
training set size:	5000
using smoothing parameter k=0.001000 for naivebayes
Extracting features...
Training...
Performance on validation set for k=0.001000: (84.8%)
Trainng time: 211.235767841
Validating...
424 correct out of 500 (84.8%).
Testing...
386 correct out of 500 (77.2%).


Doing classification
--------------------
data:		faces
classifier:		naiveBayes
using enhanced features?:	True
training set size:	45
using smoothing parameter k=0.001000 for naivebayes
Extracting features...
Training...
Performance on validation set for k=0.001000: (58.0%)
Trainng time: 3.77908492088
Validating...
29 correct out of 50 (58.0%).
Testing...
25 correct out of 50 (50.0%).

Doing classification
--------------------
data:		faces
classifier:		naiveBayes
using enhanced features?:	True
training set size:	90
using smoothing parameter k=0.001000 for naivebayes
Extracting features...
Training...
Performance on validation set for k=0.001000: (88.0%)
Trainng time: 5.10077190399
Validating...
44 correct out of 50 (88.0%).
Testing...
44 correct out of 50 (88.0%).

Doing classification
--------------------
data:		faces
classifier:		naiveBayes
using enhanced features?:	True
training set size:	135
using smoothing parameter k=0.001000 for naivebayes
Extracting features...
Training...
Performance on validation set for k=0.001000: (92.0%)
Trainng time: 6.85574889183
Validating...
46 correct out of 50 (92.0%).
Testing...
46 correct out of 50 (92.0%).

Doing classification
--------------------
data:		faces
classifier:		naiveBayes
using enhanced features?:	True
training set size:	180
using smoothing parameter k=0.001000 for naivebayes
Extracting features...
Training...
Performance on validation set for k=0.001000: (92.0%)
Trainng time: 8.65404105186
Validating...
46 correct out of 50 (92.0%).
Testing...
45 correct out of 50 (90.0%).

Doing classification
--------------------
data:		faces
classifier:		naiveBayes
using enhanced features?:	True
training set size:	225
using smoothing parameter k=0.001000 for naivebayes
Extracting features...
Training...
Performance on validation set for k=0.001000: (94.0%)
Trainng time: 10.3228619099
Validating...
47 correct out of 50 (94.0%).
Testing...
47 correct out of 50 (94.0%).

Doing classification
--------------------
data:		faces
classifier:		naiveBayes
using enhanced features?:	True
training set size:	270
using smoothing parameter k=0.001000 for naivebayes
Extracting features...
Training...
Performance on validation set for k=0.001000: (94.0%)
Trainng time: 12.4578070641
Validating...
47 correct out of 50 (94.0%).
Testing...
47 correct out of 50 (94.0%).

Doing classification
--------------------
data:		faces
classifier:		naiveBayes
using enhanced features?:	True
training set size:	315
using smoothing parameter k=0.001000 for naivebayes
Extracting features...
Training...
Performance on validation set for k=0.001000: (94.0%)
Trainng time: 15.3540759087
Validating...
47 correct out of 50 (94.0%).
Testing...
48 correct out of 50 (96.0%).

Doing classification
--------------------
data:		faces
classifier:		naiveBayes
using enhanced features?:	True
training set size:	360
using smoothing parameter k=0.001000 for naivebayes
Extracting features...
Training...
Performance on validation set for k=0.001000: (94.0%)
Trainng time: 18.1253349781
Validating...
47 correct out of 50 (94.0%).
Testing...
48 correct out of 50 (96.0%).

Doing classification
--------------------
data:		faces
classifier:		naiveBayes
using enhanced features?:	True
training set size:	405
using smoothing parameter k=0.001000 for naivebayes
Extracting features...
Training...
Performance on validation set for k=0.001000: (94.0%)
Trainng time: 20.3969819546
Validating...
47 correct out of 50 (94.0%).
Testing...
48 correct out of 50 (96.0%).

Doing classification
--------------------
data:		faces
classifier:		naiveBayes
using enhanced features?:	True
training set size:	450
using smoothing parameter k=0.001000 for naivebayes
Extracting features...
Training...
Performance on validation set for k=0.001000: (94.0%)
Trainng time: 22.7638881207
Validating...
47 correct out of 50 (94.0%).
Testing...
47 correct out of 50 (94.0%).

